============================= test session starts =============================
platform win32 -- Python 3.14.0, pytest-9.0.2, pluggy-1.6.0 -- C:\Users\shalo\AppData\Local\Programs\Python\Python314\python.exe
cachedir: .pytest_cache
rootdir: C:\Users\shalo\PhantomNet
plugins: anyio-4.12.0, locust-2.43.3
collecting ... collected 0 items / 1 error

=================================== ERRORS ====================================
________ ERROR collecting tests/integration/test_week10_integration.py ________
ImportError while importing test module 'C:\Users\shalo\PhantomNet\tests\integration\test_week10_integration.py'.
Hint: make sure your test modules/packages have valid Python names.
Traceback:
..\AppData\Local\Programs\Python\Python314\Lib\importlib\__init__.py:88: in import_module
    return _bootstrap._gcd_import(name[level:], package, level)
           ^^^^^^^^^^^^^^^^^^^^^^^^^^^^^^^^^^^^^^^^^^^^^^^^^^^^
tests\integration\test_week10_integration.py:14: in <module>
    from backend.topology.manager import TopologyManager
backend\topology.py:1: in <module>
    from mininet.topo import Topo
E   ModuleNotFoundError: No module named 'mininet.topo'
============================== warnings summary ===============================
backend\schemas\threat_schema.py:11
  c:\Users\shalo\PhantomNet\backend\schemas\threat_schema.py:11: PydanticDeprecatedSince20: Using extra keyword arguments on `Field` is deprecated and will be removed. Use `json_schema_extra` instead. (Extra keys: 'example'). Deprecated in Pydantic V2.0 to be removed in V3.0. See Pydantic V2 Migration Guide at https://errors.pydantic.dev/2.12/migration/
    src_ip: str = Field(..., description="Source IP address", example="192.168.1.105")

backend\schemas\threat_schema.py:12
  c:\Users\shalo\PhantomNet\backend\schemas\threat_schema.py:12: PydanticDeprecatedSince20: Using extra keyword arguments on `Field` is deprecated and will be removed. Use `json_schema_extra` instead. (Extra keys: 'example'). Deprecated in Pydantic V2.0 to be removed in V3.0. See Pydantic V2 Migration Guide at https://errors.pydantic.dev/2.12/migration/
    dst_ip: str = Field(..., description="Destination IP address", example="10.0.0.5")

backend\schemas\threat_schema.py:13
  c:\Users\shalo\PhantomNet\backend\schemas\threat_schema.py:13: PydanticDeprecatedSince20: Using extra keyword arguments on `Field` is deprecated and will be removed. Use `json_schema_extra` instead. (Extra keys: 'example'). Deprecated in Pydantic V2.0 to be removed in V3.0. See Pydantic V2 Migration Guide at https://errors.pydantic.dev/2.12/migration/
    dst_port: int = Field(..., description="Destination Port", example=80)

backend\schemas\threat_schema.py:14
  c:\Users\shalo\PhantomNet\backend\schemas\threat_schema.py:14: PydanticDeprecatedSince20: Using extra keyword arguments on `Field` is deprecated and will be removed. Use `json_schema_extra` instead. (Extra keys: 'example'). Deprecated in Pydantic V2.0 to be removed in V3.0. See Pydantic V2 Migration Guide at https://errors.pydantic.dev/2.12/migration/
    protocol: str = Field(..., description="Protocol (TCP, UDP, ICMP)", example="TCP")

backend\schemas\threat_schema.py:15
  c:\Users\shalo\PhantomNet\backend\schemas\threat_schema.py:15: PydanticDeprecatedSince20: Using extra keyword arguments on `Field` is deprecated and will be removed. Use `json_schema_extra` instead. (Extra keys: 'example'). Deprecated in Pydantic V2.0 to be removed in V3.0. See Pydantic V2 Migration Guide at https://errors.pydantic.dev/2.12/migration/
    length: int = Field(..., description="Packet Length in bytes", example=64)

backend\schemas\threat_schema.py:18
  c:\Users\shalo\PhantomNet\backend\schemas\threat_schema.py:18: PydanticDeprecatedSince20: Using extra keyword arguments on `Field` is deprecated and will be removed. Use `json_schema_extra` instead. (Extra keys: 'example'). Deprecated in Pydantic V2.0 to be removed in V3.0. See Pydantic V2 Migration Guide at https://errors.pydantic.dev/2.12/migration/
    timestamp: Optional[str] = Field(None, description="ISO 8601 Timestamp. Defaults to now.", example="2026-02-11T12:00:00Z")

backend\schemas\threat_schema.py:21
  c:\Users\shalo\PhantomNet\backend\schemas\threat_schema.py:21: PydanticDeprecatedSince20: Using extra keyword arguments on `Field` is deprecated and will be removed. Use `json_schema_extra` instead. (Extra keys: 'example'). Deprecated in Pydantic V2.0 to be removed in V3.0. See Pydantic V2 Migration Guide at https://errors.pydantic.dev/2.12/migration/
    threat_score: float = Field(0.0, description="Baseline threat score from firewall/rules", example=10.0)

backend\schemas\threat_schema.py:22
  c:\Users\shalo\PhantomNet\backend\schemas\threat_schema.py:22: PydanticDeprecatedSince20: Using extra keyword arguments on `Field` is deprecated and will be removed. Use `json_schema_extra` instead. (Extra keys: 'example'). Deprecated in Pydantic V2.0 to be removed in V3.0. See Pydantic V2 Migration Guide at https://errors.pydantic.dev/2.12/migration/
    is_malicious: bool = Field(False, description="Known malicious flag (e.g. from blacklist)", example=False)

backend\schemas\threat_schema.py:23
  c:\Users\shalo\PhantomNet\backend\schemas\threat_schema.py:23: PydanticDeprecatedSince20: Using extra keyword arguments on `Field` is deprecated and will be removed. Use `json_schema_extra` instead. (Extra keys: 'example'). Deprecated in Pydantic V2.0 to be removed in V3.0. See Pydantic V2 Migration Guide at https://errors.pydantic.dev/2.12/migration/
    attack_type: str = Field("UNKNOWN", description="Preliminary attack classification", example="UNKNOWN")

backend\schemas\threat_schema.py:24
  c:\Users\shalo\PhantomNet\backend\schemas\threat_schema.py:24: PydanticDeprecatedSince20: Using extra keyword arguments on `Field` is deprecated and will be removed. Use `json_schema_extra` instead. (Extra keys: 'example'). Deprecated in Pydantic V2.0 to be removed in V3.0. See Pydantic V2 Migration Guide at https://errors.pydantic.dev/2.12/migration/
    honeypot_type: str = Field("NONE", description="Honeypot type interaction", example="HTTP")

backend\schemas\threat_schema.py:11
  C:\Users\shalo\PhantomNet\backend\schemas\threat_schema.py:11: PydanticDeprecatedSince20: Using extra keyword arguments on `Field` is deprecated and will be removed. Use `json_schema_extra` instead. (Extra keys: 'example'). Deprecated in Pydantic V2.0 to be removed in V3.0. See Pydantic V2 Migration Guide at https://errors.pydantic.dev/2.12/migration/
    src_ip: str = Field(..., description="Source IP address", example="192.168.1.105")

backend\schemas\threat_schema.py:12
  C:\Users\shalo\PhantomNet\backend\schemas\threat_schema.py:12: PydanticDeprecatedSince20: Using extra keyword arguments on `Field` is deprecated and will be removed. Use `json_schema_extra` instead. (Extra keys: 'example'). Deprecated in Pydantic V2.0 to be removed in V3.0. See Pydantic V2 Migration Guide at https://errors.pydantic.dev/2.12/migration/
    dst_ip: str = Field(..., description="Destination IP address", example="10.0.0.5")

backend\schemas\threat_schema.py:13
  C:\Users\shalo\PhantomNet\backend\schemas\threat_schema.py:13: PydanticDeprecatedSince20: Using extra keyword arguments on `Field` is deprecated and will be removed. Use `json_schema_extra` instead. (Extra keys: 'example'). Deprecated in Pydantic V2.0 to be removed in V3.0. See Pydantic V2 Migration Guide at https://errors.pydantic.dev/2.12/migration/
    dst_port: int = Field(..., description="Destination Port", example=80)

backend\schemas\threat_schema.py:14
  C:\Users\shalo\PhantomNet\backend\schemas\threat_schema.py:14: PydanticDeprecatedSince20: Using extra keyword arguments on `Field` is deprecated and will be removed. Use `json_schema_extra` instead. (Extra keys: 'example'). Deprecated in Pydantic V2.0 to be removed in V3.0. See Pydantic V2 Migration Guide at https://errors.pydantic.dev/2.12/migration/
    protocol: str = Field(..., description="Protocol (TCP, UDP, ICMP)", example="TCP")

backend\schemas\threat_schema.py:15
  C:\Users\shalo\PhantomNet\backend\schemas\threat_schema.py:15: PydanticDeprecatedSince20: Using extra keyword arguments on `Field` is deprecated and will be removed. Use `json_schema_extra` instead. (Extra keys: 'example'). Deprecated in Pydantic V2.0 to be removed in V3.0. See Pydantic V2 Migration Guide at https://errors.pydantic.dev/2.12/migration/
    length: int = Field(..., description="Packet Length in bytes", example=64)

backend\schemas\threat_schema.py:18
  C:\Users\shalo\PhantomNet\backend\schemas\threat_schema.py:18: PydanticDeprecatedSince20: Using extra keyword arguments on `Field` is deprecated and will be removed. Use `json_schema_extra` instead. (Extra keys: 'example'). Deprecated in Pydantic V2.0 to be removed in V3.0. See Pydantic V2 Migration Guide at https://errors.pydantic.dev/2.12/migration/
    timestamp: Optional[str] = Field(None, description="ISO 8601 Timestamp. Defaults to now.", example="2026-02-11T12:00:00Z")

backend\schemas\threat_schema.py:21
  C:\Users\shalo\PhantomNet\backend\schemas\threat_schema.py:21: PydanticDeprecatedSince20: Using extra keyword arguments on `Field` is deprecated and will be removed. Use `json_schema_extra` instead. (Extra keys: 'example'). Deprecated in Pydantic V2.0 to be removed in V3.0. See Pydantic V2 Migration Guide at https://errors.pydantic.dev/2.12/migration/
    threat_score: float = Field(0.0, description="Baseline threat score from firewall/rules", example=10.0)

backend\schemas\threat_schema.py:22
  C:\Users\shalo\PhantomNet\backend\schemas\threat_schema.py:22: PydanticDeprecatedSince20: Using extra keyword arguments on `Field` is deprecated and will be removed. Use `json_schema_extra` instead. (Extra keys: 'example'). Deprecated in Pydantic V2.0 to be removed in V3.0. See Pydantic V2 Migration Guide at https://errors.pydantic.dev/2.12/migration/
    is_malicious: bool = Field(False, description="Known malicious flag (e.g. from blacklist)", example=False)

backend\schemas\threat_schema.py:23
  C:\Users\shalo\PhantomNet\backend\schemas\threat_schema.py:23: PydanticDeprecatedSince20: Using extra keyword arguments on `Field` is deprecated and will be removed. Use `json_schema_extra` instead. (Extra keys: 'example'). Deprecated in Pydantic V2.0 to be removed in V3.0. See Pydantic V2 Migration Guide at https://errors.pydantic.dev/2.12/migration/
    attack_type: str = Field("UNKNOWN", description="Preliminary attack classification", example="UNKNOWN")

backend\schemas\threat_schema.py:24
  C:\Users\shalo\PhantomNet\backend\schemas\threat_schema.py:24: PydanticDeprecatedSince20: Using extra keyword arguments on `Field` is deprecated and will be removed. Use `json_schema_extra` instead. (Extra keys: 'example'). Deprecated in Pydantic V2.0 to be removed in V3.0. See Pydantic V2 Migration Guide at https://errors.pydantic.dev/2.12/migration/
    honeypot_type: str = Field("NONE", description="Honeypot type interaction", example="HTTP")

-- Docs: https://docs.pytest.org/en/stable/how-to/capture-warnings.html
=========================== short test summary info ===========================
ERROR tests/integration/test_week10_integration.py
!!!!!!!!!!!!!!!!!!! Interrupted: 1 error during collection !!!!!!!!!!!!!!!!!!!!
======================= 20 warnings, 1 error in 56.12s ========================
